<?xml version="1.0" encoding="UTF-8"?>
<!-- Generated by org.testng.reporters.JUnitReportReporter -->
<testsuite skipped="0" hostname="DDC5-D-608P3M7" name="testNG.Handson.OnlineShoppingTest" tests="3" failures="0" timestamp="08 Aug 2019 07:20:16 GMT" time="67.753" errors="0">
  <testcase name="testLogin" time="43.265" classname="testNG.Handson.OnlineShoppingTest"/>
  <testcase name="testCart" time="8.162" classname="testNG.Handson.OnlineShoppingTest"/>
  <testcase name="testPayment" time="16.326" classname="testNG.Handson.OnlineShoppingTest"/>
</testsuite> <!-- testNG.Handson.OnlineShoppingTest -->
